<?xml version="1.0" encoding="UTF-8"?>
<testng-results ignored="0" total="3" passed="2" failed="1" skipped="0">
  <reporter-output>
  </reporter-output>
  <suite started-at="2022-09-26T10:28:01 IST" name="Default suite" finished-at="2022-09-26T10:29:00 IST" duration-ms="59024">
    <groups>
    </groups>
    <test started-at="2022-09-26T10:28:01 IST" name="Default test" finished-at="2022-09-26T10:29:00 IST" duration-ms="59024">
      <class name="Test.LoginPageTest">
        <test-method is-config="true" signature="triggerDriver()[pri:0, instance:Test.LoginPageTest@55493582]" started-at="2022-09-26T10:28:01 IST" name="triggerDriver" finished-at="2022-09-26T10:28:09 IST" duration-ms="7270" status="PASS">
          <reporter-output>
          </reporter-output>
        </test-method> <!-- triggerDriver -->
        <test-method signature="validLoginPagewithConfigDataTest()[pri:1, instance:Test.LoginPageTest@55493582]" started-at="2022-09-26T10:28:09 IST" name="validLoginPagewithConfigDataTest" finished-at="2022-09-26T10:28:14 IST" duration-ms="5661" status="PASS">
          <reporter-output>
          </reporter-output>
        </test-method> <!-- validLoginPagewithConfigDataTest -->
        <test-method is-config="true" signature="terminateDriver()[pri:0, instance:Test.LoginPageTest@55493582]" started-at="2022-09-26T10:28:14 IST" name="terminateDriver" finished-at="2022-09-26T10:28:23 IST" duration-ms="8756" status="PASS">
          <reporter-output>
          </reporter-output>
        </test-method> <!-- terminateDriver -->
        <test-method is-config="true" signature="triggerDriver()[pri:0, instance:Test.LoginPageTest@55493582]" started-at="2022-09-26T10:28:23 IST" name="triggerDriver" finished-at="2022-09-26T10:28:28 IST" duration-ms="4928" status="PASS">
          <reporter-output>
          </reporter-output>
        </test-method> <!-- triggerDriver -->
        <test-method signature="validLoginPageWithXlsxDataTest()[pri:2, instance:Test.LoginPageTest@55493582]" started-at="2022-09-26T10:28:28 IST" name="validLoginPageWithXlsxDataTest" finished-at="2022-09-26T10:28:35 IST" duration-ms="7379" status="PASS">
          <reporter-output>
          </reporter-output>
        </test-method> <!-- validLoginPageWithXlsxDataTest -->
        <test-method is-config="true" signature="terminateDriver()[pri:0, instance:Test.LoginPageTest@55493582]" started-at="2022-09-26T10:28:35 IST" name="terminateDriver" finished-at="2022-09-26T10:28:43 IST" duration-ms="7337" status="PASS">
          <reporter-output>
          </reporter-output>
        </test-method> <!-- terminateDriver -->
        <test-method is-config="true" signature="triggerDriver()[pri:0, instance:Test.LoginPageTest@55493582]" started-at="2022-09-26T10:28:43 IST" name="triggerDriver" finished-at="2022-09-26T10:28:48 IST" duration-ms="4747" status="PASS">
          <reporter-output>
          </reporter-output>
        </test-method> <!-- triggerDriver -->
        <test-method signature="validateInvalidLoginCred()[pri:3, instance:Test.LoginPageTest@55493582]" started-at="2022-09-26T10:28:48 IST" name="validateInvalidLoginCred" finished-at="2022-09-26T10:28:53 IST" duration-ms="5117" status="FAIL">
          <exception class="java.lang.AssertionError">
            <message>
              <![CDATA[expected [he password that you've entered is incorrect. Forgotten password?] but found [The password that you've entered is incorrect. Forgotten password?]]]>
            </message>
            <full-stacktrace>
              <![CDATA[java.lang.AssertionError: expected [he password that you've entered is incorrect. Forgotten password?] but found [The password that you've entered is incorrect. Forgotten password?]
at org.testng.Assert.fail(Assert.java:97)
at org.testng.Assert.assertEqualsImpl(Assert.java:136)
at org.testng.Assert.assertEquals(Assert.java:118)
at org.testng.Assert.assertEquals(Assert.java:575)
at org.testng.Assert.assertEquals(Assert.java:585)
at Test.LoginPageTest.validateInvalidLoginCred(LoginPageTest.java:87)
at java.base/jdk.internal.reflect.NativeMethodAccessorImpl.invoke0(Native Method)
at java.base/jdk.internal.reflect.NativeMethodAccessorImpl.invoke(NativeMethodAccessorImpl.java:62)
at java.base/jdk.internal.reflect.DelegatingMethodAccessorImpl.invoke(DelegatingMethodAccessorImpl.java:43)
at java.base/java.lang.reflect.Method.invoke(Method.java:566)
at org.testng.internal.MethodInvocationHelper.invokeMethod(MethodInvocationHelper.java:134)
at org.testng.internal.TestInvoker.invokeMethod(TestInvoker.java:597)
at org.testng.internal.TestInvoker.invokeTestMethod(TestInvoker.java:173)
at org.testng.internal.MethodRunner.runInSequence(MethodRunner.java:46)
at org.testng.internal.TestInvoker$MethodInvocationAgent.invoke(TestInvoker.java:816)
at org.testng.internal.TestInvoker.invokeTestMethods(TestInvoker.java:146)
at org.testng.internal.TestMethodWorker.invokeTestMethods(TestMethodWorker.java:146)
at org.testng.internal.TestMethodWorker.run(TestMethodWorker.java:128)
at java.base/java.util.ArrayList.forEach(ArrayList.java:1541)
at org.testng.TestRunner.privateRun(TestRunner.java:766)
at org.testng.TestRunner.run(TestRunner.java:587)
at org.testng.SuiteRunner.runTest(SuiteRunner.java:384)
at org.testng.SuiteRunner.runSequentially(SuiteRunner.java:378)
at org.testng.SuiteRunner.privateRun(SuiteRunner.java:337)
at org.testng.SuiteRunner.run(SuiteRunner.java:286)
at org.testng.SuiteRunnerWorker.runSuite(SuiteRunnerWorker.java:53)
at org.testng.SuiteRunnerWorker.run(SuiteRunnerWorker.java:96)
at org.testng.TestNG.runSuitesSequentially(TestNG.java:1187)
at org.testng.TestNG.runSuitesLocally(TestNG.java:1109)
at org.testng.TestNG.runSuites(TestNG.java:1039)
at org.testng.TestNG.run(TestNG.java:1007)
at org.testng.remote.AbstractRemoteTestNG.run(AbstractRemoteTestNG.java:115)
at org.testng.remote.RemoteTestNG.initAndRun(RemoteTestNG.java:251)
at org.testng.remote.RemoteTestNG.main(RemoteTestNG.java:77)
]]>
            </full-stacktrace>
          </exception> <!-- java.lang.AssertionError -->
          <reporter-output>
          </reporter-output>
        </test-method> <!-- validateInvalidLoginCred -->
        <test-method is-config="true" signature="terminateDriver()[pri:0, instance:Test.LoginPageTest@55493582]" started-at="2022-09-26T10:28:53 IST" name="terminateDriver" finished-at="2022-09-26T10:29:00 IST" duration-ms="7701" status="PASS">
          <reporter-output>
          </reporter-output>
        </test-method> <!-- terminateDriver -->
      </class> <!-- Test.LoginPageTest -->
    </test> <!-- Default test -->
  </suite> <!-- Default suite -->
</testng-results>
